# JRE version: OpenJDK Runtime Environment Temurin-17.0.16+8 (17.0.16+8) (build 17.0.16+8)
# Java VM: OpenJDK 64-Bit Server VM Temurin-17.0.16+8 (17.0.16+8, mixed mode, sharing, tiered, compressed oops, compressed class ptrs, g1 gc, windows-amd64)
GC Precious Log:
 CPUs: 4 total, 4 available
 Memory: 8025M
 Large Page Support: Disabled
 NUMA Support: Disabled
 Compressed Oops: Enabled (32-bit)
 Heap Region Size: 1M
 Heap Min Capacity: 8M
 Heap Initial Capacity: 126M
 Heap Max Capacity: 2008M
 Pre-touch: Disabled
 Parallel Workers: 4
 Concurrent Workers: 1
 Concurrent Refinement Workers: 4
 Periodic GC: Disabled
Heap:
 garbage-first heap   total 116736K, used 86162K [0x0000000082800000, 0x0000000100000000)
  region size 1024K, 25 young (25600K), 1 survivors (1024K)
 Metaspace       used 135363K, committed 136192K, reserved 1179648K
  class space    used 18099K, committed 18496K, reserved 1048576K
GC Heap History (20 events):
Event: 1355.166 GC heap before
{Heap before GC invocations=83 (full 0):
 garbage-first heap   total 116736K, used 66543K [0x0000000082800000, 0x0000000100000000)
  region size 1024K, 5 young (5120K), 1 survivors (1024K)
 Metaspace       used 135202K, committed 136000K, reserved 1179648K
  class space    used 18105K, committed 18496K, reserved 1048576K
}
Event: 1355.213 GC heap after
{Heap after GC invocations=84 (full 0):
 garbage-first heap   total 116736K, used 62255K [0x0000000082800000, 0x0000000100000000)
  region size 1024K, 1 young (1024K), 1 survivors (1024K)
 Metaspace       used 135202K, committed 136000K, reserved 1179648K
  class space    used 18105K, committed 18496K, reserved 1048576K
}
Event: 1462.484 GC heap before
{Heap before GC invocations=84 (full 0):
 garbage-first heap   total 116736K, used 102191K [0x0000000082800000, 0x0000000100000000)
  region size 1024K, 40 young (40960K), 1 survivors (1024K)
 Metaspace       used 135251K, committed 136064K, reserved 1179648K
  class space    used 18108K, committed 18496K, reserved 1048576K
}
Event: 1462.563 GC heap after
{Heap after GC invocations=85 (full 0):
 garbage-first heap   total 116736K, used 62616K [0x0000000082800000, 0x0000000100000000)
  region size 1024K, 1 young (1024K), 1 survivors (1024K)
 Metaspace       used 135251K, committed 136064K, reserved 1179648K
  class space    used 18108K, committed 18496K, reserved 1048576K
}
Event: 1573.850 GC heap before
{Heap before GC invocations=85 (full 0):
 garbage-first heap   total 116736K, used 101528K [0x0000000082800000, 0x0000000100000000)
  region size 1024K, 40 young (40960K), 1 survivors (1024K)
 Metaspace       used 135345K, committed 136192K, reserved 1179648K
  class space    used 18109K, committed 18496K, reserved 1048576K
}
Event: 1573.902 GC heap after
{Heap after GC invocations=86 (full 0):
 garbage-first heap   total 116736K, used 62837K [0x0000000082800000, 0x0000000100000000)
  region size 1024K, 1 young (1024K), 1 survivors (1024K)
 Metaspace       used 135345K, committed 136192K, reserved 1179648K
  class space    used 18109K, committed 18496K, reserved 1048576K
}
Event: 1690.785 GC heap before
{Heap before GC invocations=86 (full 0):
 garbage-first heap   total 116736K, used 102773K [0x0000000082800000, 0x0000000100000000)
  region size 1024K, 40 young (40960K), 1 survivors (1024K)
 Metaspace       used 135348K, committed 136192K, reserved 1179648K
  class space    used 18109K, committed 18496K, reserved 1048576K
}
Event: 1690.964 GC heap after
{Heap after GC invocations=87 (full 0):
 garbage-first heap   total 116736K, used 62878K [0x0000000082800000, 0x0000000100000000)
  region size 1024K, 1 young (1024K), 1 survivors (1024K)
 Metaspace       used 135348K, committed 136192K, reserved 1179648K
  class space    used 18109K, committed 18496K, reserved 1048576K
}
Event: 1801.843 GC heap before
{Heap before GC invocations=88 (full 0):
 garbage-first heap   total 116736K, used 101790K [0x0000000082800000, 0x0000000100000000)
  region size 1024K, 40 young (40960K), 1 survivors (1024K)
 Metaspace       used 135404K, committed 136192K, reserved 1179648K
  class space    used 18109K, committed 18496K, reserved 1048576K
}
Event: 1801.910 GC heap after
{Heap after GC invocations=89 (full 0):
 garbage-first heap   total 116736K, used 62952K [0x0000000082800000, 0x0000000100000000)
  region size 1024K, 1 young (1024K), 1 survivors (1024K)
 Metaspace       used 135404K, committed 136192K, reserved 1179648K
  class space    used 18109K, committed 18496K, reserved 1048576K
}
Event: 1805.890 GC heap before
{Heap before GC invocations=89 (full 0):
 garbage-first heap   total 116736K, used 67048K [0x0000000082800000, 0x0000000100000000)
  region size 1024K, 5 young (5120K), 1 survivors (1024K)
 Metaspace       used 135404K, committed 136192K, reserved 1179648K
  class space    used 18109K, committed 18496K, reserved 1048576K
}
Event: 1806.264 GC heap after
{Heap after GC invocations=90 (full 0):
 garbage-first heap   total 116736K, used 62776K [0x0000000082800000, 0x0000000100000000)
  region size 1024K, 1 young (1024K), 1 survivors (1024K)
 Metaspace       used 135404K, committed 136192K, reserved 1179648K
  class space    used 18109K, committed 18496K, reserved 1048576K
}
Event: 1855.784 GC heap before
{Heap before GC invocations=90 (full 0):
 garbage-first heap   total 116736K, used 102712K [0x0000000082800000, 0x0000000100000000)
  region size 1024K, 40 young (40960K), 1 survivors (1024K)
 Metaspace       used 135411K, committed 136192K, reserved 1179648K
  class space    used 18109K, committed 18496K, reserved 1048576K
}
Event: 1855.787 GC heap after
{Heap after GC invocations=91 (full 0):
 garbage-first heap   total 116736K, used 62824K [0x0000000082800000, 0x0000000100000000)
  region size 1024K, 1 young (1024K), 1 survivors (1024K)
 Metaspace       used 135411K, committed 136192K, reserved 1179648K
  class space    used 18109K, committed 18496K, reserved 1048576K
}
Event: 1962.444 GC heap before
{Heap before GC invocations=91 (full 0):
 garbage-first heap   total 116736K, used 102760K [0x0000000082800000, 0x0000000100000000)
  region size 1024K, 40 young (40960K), 1 survivors (1024K)
 Metaspace       used 135412K, committed 136192K, reserved 1179648K
  class space    used 18109K, committed 18496K, reserved 1048576K
}
Event: 1962.517 GC heap after
{Heap after GC invocations=92 (full 0):
 garbage-first heap   total 116736K, used 62856K [0x0000000082800000, 0x0000000100000000)
  region size 1024K, 1 young (1024K), 1 survivors (1024K)
 Metaspace       used 135412K, committed 136192K, reserved 1179648K
  class space    used 18109K, committed 18496K, reserved 1048576K
}
Event: 2014.046 GC heap before
{Heap before GC invocations=93 (full 0):
 garbage-first heap   total 116736K, used 102792K [0x0000000082800000, 0x0000000100000000)
  region size 1024K, 40 young (40960K), 1 survivors (1024K)
 Metaspace       used 135363K, committed 136192K, reserved 1179648K
  class space    used 18099K, committed 18496K, reserved 1048576K
}
Event: 2014.051 GC heap after
{Heap after GC invocations=94 (full 0):
 garbage-first heap   total 116736K, used 62831K [0x0000000082800000, 0x0000000100000000)
  region size 1024K, 1 young (1024K), 1 survivors (1024K)
 Metaspace       used 135363K, committed 136192K, reserved 1179648K
  class space    used 18099K, committed 18496K, reserved 1048576K
}
Event: 2015.222 GC heap before
{Heap before GC invocations=94 (full 0):
 garbage-first heap   total 116736K, used 66927K [0x0000000082800000, 0x0000000100000000)
  region size 1024K, 5 young (5120K), 1 survivors (1024K)
 Metaspace       used 135363K, committed 136192K, reserved 1179648K
  class space    used 18099K, committed 18496K, reserved 1048576K
}
Event: 2015.361 GC heap after
{Heap after GC invocations=95 (full 0):
 garbage-first heap   total 116736K, used 62610K [0x0000000082800000, 0x0000000100000000)
  region size 1024K, 1 young (1024K), 1 survivors (1024K)
 Metaspace       used 135363K, committed 136192K, reserved 1179648K
  class space    used 18099K, committed 18496K, reserved 1048576K
}

